<?xml version="1.0" encoding="UTF-8"?>
<!-- Generated by org.testng.reporters.JUnitReportReporter -->
<testsuite hostname="PHLHVPW2T3" failures="0" tests="1" name="testcase.regression" time="40.172" errors="0" timestamp="22 May 2024 07:47:37 GMT" skipped="0">
  <testcase classname="testcase.regression" name="EssilorPro_Amera" time="40.172"/>
</testsuite> <!-- testcase.regression -->
