<?xml version="1.0" encoding="UTF-8"?>
<!-- Generated by org.testng.reporters.JUnitReportReporter -->
<testsuite hostname="PHLHVPW2T3" failures="0" tests="1" name="testcase.testcase1" time="30.226" errors="0" timestamp="28 Feb 2024 08:17:11 GMT" skipped="0">
  <testcase classname="testcase.testcase1" name="testcase1" time="30.226"/>
</testsuite> <!-- testcase.testcase1 -->
