<?xml version="1.0" encoding="UTF-8"?>
<!-- Generated by org.testng.reporters.JUnitReportReporter -->
<testsuite hostname="PHLHVPW2T3" failures="0" tests="1" name="testcase.regression2$EssilorProAmera" time="49.244" errors="0" timestamp="23 May 2024 00:12:07 GMT" skipped="0">
  <testcase classname="testcase.regression2$EssilorProAmera" name="EssilorPro_Amera" time="49.244"/>
</testsuite> <!-- testcase.regression2$EssilorProAmera -->
