<?xml version="1.0" encoding="UTF-8"?>
<!-- Generated by org.testng.reporters.JUnitReportReporter -->
<testsuite hostname="PHLHVPW2T3" failures="0" tests="1" name="objects.login" time="31.552" errors="0" timestamp="28 Feb 2024 08:01:55 GMT" skipped="0">
  <testcase classname="objects.login" name="testcase1" time="31.552"/>
</testsuite> <!-- objects.login -->
